Looking for git in: git
Using git 2.11.0 from git
> git rev-parse --show-toplevel
fatal: Not a git repository (or any parent up to mount point /usr/src/app)
Stopping at filesystem boundary (GIT_DISCOVERY_ACROSS_FILESYSTEM not set).
> git rev-parse --show-toplevel
fatal: Not a git repository (or any parent up to mount point /usr/src/app)
Stopping at filesystem boundary (GIT_DISCOVERY_ACROSS_FILESYSTEM not set).
> git rev-parse --show-toplevel
fatal: Not a git repository (or any parent up to mount point /usr/src/app)
Stopping at filesystem boundary (GIT_DISCOVERY_ACROSS_FILESYSTEM not set).
> git rev-parse --show-toplevel
fatal: Not a git repository (or any parent up to mount point /usr/src/app)
Stopping at filesystem boundary (GIT_DISCOVERY_ACROSS_FILESYSTEM not set).
> git rev-parse --show-toplevel
fatal: Not a git repository (or any parent up to mount point /usr/src/app)
Stopping at filesystem boundary (GIT_DISCOVERY_ACROSS_FILESYSTEM not set).
> git rev-parse --show-toplevel
fatal: Not a git repository (or any parent up to mount point /usr/src/app)
Stopping at filesystem boundary (GIT_DISCOVERY_ACROSS_FILESYSTEM not set).
> git rev-parse --show-toplevel
fatal: Not a git repository (or any parent up to mount point /usr/src/app)
Stopping at filesystem boundary (GIT_DISCOVERY_ACROSS_FILESYSTEM not set).
> git rev-parse --show-toplevel
fatal: Not a git repository (or any parent up to mount point /usr/src/app)
Stopping at filesystem boundary (GIT_DISCOVERY_ACROSS_FILESYSTEM not set).
> git rev-parse --show-toplevel
fatal: Not a git repository (or any parent up to mount point /usr/src/app)
Stopping at filesystem boundary (GIT_DISCOVERY_ACROSS_FILESYSTEM not set).
